build/app/intermediates/manifest_merge_blame_file/debug/manifest-merger-blame-debug-report.txt
1<?xml version="1.0" encoding="utf-8"?>
2<manifest xmlns:android="http://schemas.android.com/apk/res/android"
3    package="com.example.flutter_pizza_app"
4    android:versionCode="1"
5    android:versionName="1.0.0" >
6
7    <uses-sdk
8        android:minSdkVersion="19"
9        android:targetSdkVersion="33" />
10    <!--
11         The INTERNET permission is required for development. Specifically,
12         the Flutter tool needs it to communicate with the running application
13         to allow setting breakpoints, to provide hot reload, etc.
14    -->
15    <uses-permission android:name="android.permission.INTERNET" />
15-->src\debug\AndroidManifest.xml:6:5-66
15-->src\debug\AndroidManifest.xml:6:22-64
16    <uses-permission android:name="android.permission.ACCESS_NETWORK_STATE" />
16-->[com.google.firebase:firebase-auth:22.3.1] AndroidManifest.xml:26:5-79
16-->[com.google.firebase:firebase-auth:22.3.1] AndroidManifest.xml:26:22-76
17    <uses-permission android:name="android.permission.WAKE_LOCK" />
17-->[com.google.android.gms:play-services-measurement-api:21.5.1] AndroidManifest.xml:24:5-68
17-->[com.google.android.gms:play-services-measurement-api:21.5.1] AndroidManifest.xml:24:22-65
18    <uses-permission android:name="com.google.android.gms.permission.AD_ID" />
18-->[com.google.android.gms:play-services-measurement-api:21.5.1] AndroidManifest.xml:25:5-79
18-->[com.google.android.gms:play-services-measurement-api:21.5.1] AndroidManifest.xml:25:22-76
19    <uses-permission android:name="android.permission.ACCESS_ADSERVICES_ATTRIBUTION" />
19-->[com.google.android.gms:play-services-measurement-api:21.5.1] AndroidManifest.xml:26:5-88
19-->[com.google.android.gms:play-services-measurement-api:21.5.1] AndroidManifest.xml:26:22-85
20    <uses-permission android:name="android.permission.ACCESS_ADSERVICES_AD_ID" />
20-->[com.google.android.gms:play-services-measurement-api:21.5.1] AndroidManifest.xml:27:5-82
20-->[com.google.android.gms:play-services-measurement-api:21.5.1] AndroidManifest.xml:27:22-79
21    <uses-permission android:name="com.google.android.providers.gsf.permission.READ_GSERVICES" />
21-->[com.google.android.recaptcha:recaptcha:18.4.0] AndroidManifest.xml:9:5-98
21-->[com.google.android.recaptcha:recaptcha:18.4.0] AndroidManifest.xml:9:22-95
22    <uses-permission android:name="com.google.android.finsky.permission.BIND_GET_INSTALL_REFERRER_SERVICE" />
22-->[com.google.android.gms:play-services-measurement:21.5.1] AndroidManifest.xml:26:5-110
22-->[com.google.android.gms:play-services-measurement:21.5.1] AndroidManifest.xml:26:22-107
23
24    <permission
24-->[androidx.core:core:1.9.0] AndroidManifest.xml:22:5-24:47
25        android:name="com.example.flutter_pizza_app.DYNAMIC_RECEIVER_NOT_EXPORTED_PERMISSION"
25-->[androidx.core:core:1.9.0] AndroidManifest.xml:23:9-81
26        android:protectionLevel="signature" />
26-->[androidx.core:core:1.9.0] AndroidManifest.xml:24:9-44
27
28    <uses-permission android:name="com.example.flutter_pizza_app.DYNAMIC_RECEIVER_NOT_EXPORTED_PERMISSION" />
28-->[androidx.core:core:1.9.0] AndroidManifest.xml:26:5-97
28-->[androidx.core:core:1.9.0] AndroidManifest.xml:26:22-94
29
30    <application
31        android:name="android.app.Application"
32        android:appComponentFactory="androidx.core.app.CoreComponentFactory"
32-->[androidx.core:core:1.9.0] AndroidManifest.xml:28:18-86
33        android:debuggable="true"
34        android:icon="@mipmap/ic_launcher"
35        android:label="flutter_pizza_app" >
36        <activity
37            android:name="com.example.flutter_pizza_app.MainActivity"
38            android:configChanges="orientation|keyboardHidden|keyboard|screenSize|smallestScreenSize|locale|layoutDirection|fontScale|screenLayout|density|uiMode"
39            android:exported="true"
40            android:hardwareAccelerated="true"
41            android:launchMode="singleTop"
42            android:theme="@style/LaunchTheme"
43            android:windowSoftInputMode="adjustResize" >
44
45            <!--
46                 Specifies an Android theme to apply to this Activity as soon as
47                 the Android process has started. This theme is visible to the user
48                 while the Flutter UI initializes. After that, this theme continues
49                 to determine the Window background behind the Flutter UI.
50            -->
51            <meta-data
52                android:name="io.flutter.embedding.android.NormalTheme"
53                android:resource="@style/NormalTheme" />
54
55            <intent-filter>
56                <action android:name="android.intent.action.MAIN" />
57
58                <category android:name="android.intent.category.LAUNCHER" />
59            </intent-filter>
60        </activity>
61        <!--
62             Don't delete the meta-data below.
63             This is used by the Flutter tool to generate GeneratedPluginRegistrant.java
64        -->
65        <meta-data
66            android:name="flutterEmbedding"
67            android:value="2" />
68
69        <service
69-->[:firebase_auth] AndroidManifest.xml:10:9-14:19
70            android:name="com.google.firebase.components.ComponentDiscoveryService"
70-->[:firebase_auth] AndroidManifest.xml:10:18-89
71            android:directBootAware="true"
71-->[com.google.firebase:firebase-common:20.4.2] AndroidManifest.xml:32:13-43
72            android:exported="false" >
72-->[com.google.firebase:firebase-auth:22.3.1] AndroidManifest.xml:68:13-37
73            <meta-data
73-->[:firebase_auth] AndroidManifest.xml:11:13-13:85
74                android:name="com.google.firebase.components:io.flutter.plugins.firebase.auth.FlutterFirebaseAuthRegistrar"
74-->[:firebase_auth] AndroidManifest.xml:12:17-124
75                android:value="com.google.firebase.components.ComponentRegistrar" />
75-->[:firebase_auth] AndroidManifest.xml:13:17-82
76            <meta-data
76-->[:firebase_storage] AndroidManifest.xml:11:13-13:85
77                android:name="com.google.firebase.components:io.flutter.plugins.firebase.storage.FlutterFirebaseAppRegistrar"
77-->[:firebase_storage] AndroidManifest.xml:12:17-126
78                android:value="com.google.firebase.components.ComponentRegistrar" />
78-->[:firebase_storage] AndroidManifest.xml:13:17-82
79            <meta-data
79-->[:cloud_firestore] AndroidManifest.xml:11:13-13:85
80                android:name="com.google.firebase.components:io.flutter.plugins.firebase.firestore.FlutterFirebaseFirestoreRegistrar"
80-->[:cloud_firestore] AndroidManifest.xml:12:17-134
81                android:value="com.google.firebase.components.ComponentRegistrar" />
81-->[:cloud_firestore] AndroidManifest.xml:13:17-82
82            <meta-data
82-->[:firebase_core] AndroidManifest.xml:11:13-13:85
83                android:name="com.google.firebase.components:io.flutter.plugins.firebase.core.FlutterFirebaseCoreRegistrar"
83-->[:firebase_core] AndroidManifest.xml:12:17-124
84                android:value="com.google.firebase.components.ComponentRegistrar" />
84-->[:firebase_core] AndroidManifest.xml:13:17-82
85            <meta-data
85-->[com.google.firebase:firebase-auth:22.3.1] AndroidManifest.xml:69:13-71:85
86                android:name="com.google.firebase.components:com.google.firebase.auth.FirebaseAuthRegistrar"
86-->[com.google.firebase:firebase-auth:22.3.1] AndroidManifest.xml:70:17-109
87                android:value="com.google.firebase.components.ComponentRegistrar" />
87-->[com.google.firebase:firebase-auth:22.3.1] AndroidManifest.xml:71:17-82
88            <meta-data
88-->[com.google.firebase:firebase-storage:20.3.0] AndroidManifest.xml:30:13-32:85
89                android:name="com.google.firebase.components:com.google.firebase.storage.FirebaseStorageKtxRegistrar"
89-->[com.google.firebase:firebase-storage:20.3.0] AndroidManifest.xml:31:17-118
90                android:value="com.google.firebase.components.ComponentRegistrar" />
90-->[com.google.firebase:firebase-storage:20.3.0] AndroidManifest.xml:32:17-82
91            <meta-data
91-->[com.google.firebase:firebase-storage:20.3.0] AndroidManifest.xml:33:13-35:85
92                android:name="com.google.firebase.components:com.google.firebase.storage.StorageRegistrar"
92-->[com.google.firebase:firebase-storage:20.3.0] AndroidManifest.xml:34:17-107
93                android:value="com.google.firebase.components.ComponentRegistrar" />
93-->[com.google.firebase:firebase-storage:20.3.0] AndroidManifest.xml:35:17-82
94            <meta-data
94-->[com.google.firebase:firebase-firestore:24.10.2] AndroidManifest.xml:17:13-19:85
95                android:name="com.google.firebase.components:com.google.firebase.firestore.FirebaseFirestoreKtxRegistrar"
95-->[com.google.firebase:firebase-firestore:24.10.2] AndroidManifest.xml:18:17-122
96                android:value="com.google.firebase.components.ComponentRegistrar" />
96-->[com.google.firebase:firebase-firestore:24.10.2] AndroidManifest.xml:19:17-82
97            <meta-data
97-->[com.google.firebase:firebase-firestore:24.10.2] AndroidManifest.xml:20:13-22:85
98                android:name="com.google.firebase.components:com.google.firebase.firestore.FirestoreRegistrar"
98-->[com.google.firebase:firebase-firestore:24.10.2] AndroidManifest.xml:21:17-111
99                android:value="com.google.firebase.components.ComponentRegistrar" />
99-->[com.google.firebase:firebase-firestore:24.10.2] AndroidManifest.xml:22:17-82
100            <meta-data
100-->[com.google.android.gms:play-services-measurement-api:21.5.1] AndroidManifest.xml:37:13-39:85
101                android:name="com.google.firebase.components:com.google.firebase.analytics.connector.internal.AnalyticsConnectorRegistrar"
101-->[com.google.android.gms:play-services-measurement-api:21.5.1] AndroidManifest.xml:38:17-139
102                android:value="com.google.firebase.components.ComponentRegistrar" />
102-->[com.google.android.gms:play-services-measurement-api:21.5.1] AndroidManifest.xml:39:17-82
103            <meta-data
103-->[com.google.firebase:firebase-appcheck:17.1.2] AndroidManifest.xml:25:13-27:85
104                android:name="com.google.firebase.components:com.google.firebase.appcheck.FirebaseAppCheckKtxRegistrar"
104-->[com.google.firebase:firebase-appcheck:17.1.2] AndroidManifest.xml:26:17-120
105                android:value="com.google.firebase.components.ComponentRegistrar" />
105-->[com.google.firebase:firebase-appcheck:17.1.2] AndroidManifest.xml:27:17-82
106            <meta-data
106-->[com.google.firebase:firebase-appcheck:17.1.2] AndroidManifest.xml:28:13-30:85
107                android:name="com.google.firebase.components:com.google.firebase.appcheck.FirebaseAppCheckRegistrar"
107-->[com.google.firebase:firebase-appcheck:17.1.2] AndroidManifest.xml:29:17-117
108                android:value="com.google.firebase.components.ComponentRegistrar" />
108-->[com.google.firebase:firebase-appcheck:17.1.2] AndroidManifest.xml:30:17-82
109            <meta-data
109-->[com.google.firebase:firebase-installations:17.2.0] AndroidManifest.xml:15:13-17:85
110                android:name="com.google.firebase.components:com.google.firebase.installations.FirebaseInstallationsKtxRegistrar"
110-->[com.google.firebase:firebase-installations:17.2.0] AndroidManifest.xml:16:17-130
111                android:value="com.google.firebase.components.ComponentRegistrar" />
111-->[com.google.firebase:firebase-installations:17.2.0] AndroidManifest.xml:17:17-82
112            <meta-data
112-->[com.google.firebase:firebase-installations:17.2.0] AndroidManifest.xml:18:13-20:85
113                android:name="com.google.firebase.components:com.google.firebase.installations.FirebaseInstallationsRegistrar"
113-->[com.google.firebase:firebase-installations:17.2.0] AndroidManifest.xml:19:17-127
114                android:value="com.google.firebase.components.ComponentRegistrar" />
114-->[com.google.firebase:firebase-installations:17.2.0] AndroidManifest.xml:20:17-82
115            <meta-data
115-->[com.google.firebase:firebase-common-ktx:20.4.2] AndroidManifest.xml:12:13-14:85
116                android:name="com.google.firebase.components:com.google.firebase.ktx.FirebaseCommonLegacyRegistrar"
116-->[com.google.firebase:firebase-common-ktx:20.4.2] AndroidManifest.xml:13:17-116
117                android:value="com.google.firebase.components.ComponentRegistrar" />
117-->[com.google.firebase:firebase-common-ktx:20.4.2] AndroidManifest.xml:14:17-82
118            <meta-data
118-->[com.google.firebase:firebase-common:20.4.2] AndroidManifest.xml:35:13-37:85
119                android:name="com.google.firebase.components:com.google.firebase.FirebaseCommonKtxRegistrar"
119-->[com.google.firebase:firebase-common:20.4.2] AndroidManifest.xml:36:17-109
120                android:value="com.google.firebase.components.ComponentRegistrar" />
120-->[com.google.firebase:firebase-common:20.4.2] AndroidManifest.xml:37:17-82
121        </service>
122
123        <activity
123-->[com.google.firebase:firebase-auth:22.3.1] AndroidManifest.xml:29:9-46:20
124            android:name="com.google.firebase.auth.internal.GenericIdpActivity"
124-->[com.google.firebase:firebase-auth:22.3.1] AndroidManifest.xml:30:13-80
125            android:excludeFromRecents="true"
125-->[com.google.firebase:firebase-auth:22.3.1] AndroidManifest.xml:31:13-46
126            android:exported="true"
126-->[com.google.firebase:firebase-auth:22.3.1] AndroidManifest.xml:32:13-36
127            android:launchMode="singleTask"
127-->[com.google.firebase:firebase-auth:22.3.1] AndroidManifest.xml:33:13-44
128            android:theme="@android:style/Theme.Translucent.NoTitleBar" >
128-->[com.google.firebase:firebase-auth:22.3.1] AndroidManifest.xml:34:13-72
129            <intent-filter>
129-->[com.google.firebase:firebase-auth:22.3.1] AndroidManifest.xml:35:13-45:29
130                <action android:name="android.intent.action.VIEW" />
130-->[com.google.firebase:firebase-auth:22.3.1] AndroidManifest.xml:36:17-69
130-->[com.google.firebase:firebase-auth:22.3.1] AndroidManifest.xml:36:25-66
131
132                <category android:name="android.intent.category.DEFAULT" />
132-->[com.google.firebase:firebase-auth:22.3.1] AndroidManifest.xml:38:17-76
132-->[com.google.firebase:firebase-auth:22.3.1] AndroidManifest.xml:38:27-73
133                <category android:name="android.intent.category.BROWSABLE" />
133-->[com.google.firebase:firebase-auth:22.3.1] AndroidManifest.xml:39:17-78
133-->[com.google.firebase:firebase-auth:22.3.1] AndroidManifest.xml:39:27-75
134
135                <data
135-->[com.google.firebase:firebase-auth:22.3.1] AndroidManifest.xml:41:17-44:51
136                    android:host="firebase.auth"
136-->[com.google.firebase:firebase-auth:22.3.1] AndroidManifest.xml:42:21-49
137                    android:path="/"
137-->[com.google.firebase:firebase-auth:22.3.1] AndroidManifest.xml:43:21-37
138                    android:scheme="genericidp" />
138-->[com.google.firebase:firebase-auth:22.3.1] AndroidManifest.xml:44:21-48
139            </intent-filter>
140        </activity>
141        <activity
141-->[com.google.firebase:firebase-auth:22.3.1] AndroidManifest.xml:47:9-64:20
142            android:name="com.google.firebase.auth.internal.RecaptchaActivity"
142-->[com.google.firebase:firebase-auth:22.3.1] AndroidManifest.xml:48:13-79
143            android:excludeFromRecents="true"
143-->[com.google.firebase:firebase-auth:22.3.1] AndroidManifest.xml:49:13-46
144            android:exported="true"
144-->[com.google.firebase:firebase-auth:22.3.1] AndroidManifest.xml:50:13-36
145            android:launchMode="singleTask"
145-->[com.google.firebase:firebase-auth:22.3.1] AndroidManifest.xml:51:13-44
146            android:theme="@android:style/Theme.Translucent.NoTitleBar" >
146-->[com.google.firebase:firebase-auth:22.3.1] AndroidManifest.xml:52:13-72
147            <intent-filter>
147-->[com.google.firebase:firebase-auth:22.3.1] AndroidManifest.xml:53:13-63:29
148                <action android:name="android.intent.action.VIEW" />
148-->[com.google.firebase:firebase-auth:22.3.1] AndroidManifest.xml:36:17-69
148-->[com.google.firebase:firebase-auth:22.3.1] AndroidManifest.xml:36:25-66
149
150                <category android:name="android.intent.category.DEFAULT" />
150-->[com.google.firebase:firebase-auth:22.3.1] AndroidManifest.xml:38:17-76
150-->[com.google.firebase:firebase-auth:22.3.1] AndroidManifest.xml:38:27-73
151                <category android:name="android.intent.category.BROWSABLE" />
151-->[com.google.firebase:firebase-auth:22.3.1] AndroidManifest.xml:39:17-78
151-->[com.google.firebase:firebase-auth:22.3.1] AndroidManifest.xml:39:27-75
152
153                <data
153-->[com.google.firebase:firebase-auth:22.3.1] AndroidManifest.xml:41:17-44:51
154                    android:host="firebase.auth"
154-->[com.google.firebase:firebase-auth:22.3.1] AndroidManifest.xml:42:21-49
155                    android:path="/"
155-->[com.google.firebase:firebase-auth:22.3.1] AndroidManifest.xml:43:21-37
156                    android:scheme="recaptcha" />
156-->[com.google.firebase:firebase-auth:22.3.1] AndroidManifest.xml:44:21-48
157            </intent-filter>
158        </activity>
159
160        <property
160-->[com.google.android.gms:play-services-measurement-api:21.5.1] AndroidManifest.xml:30:9-32:61
161            android:name="android.adservices.AD_SERVICES_CONFIG"
161-->[com.google.android.gms:play-services-measurement-api:21.5.1] AndroidManifest.xml:31:13-65
162            android:resource="@xml/ga_ad_services_config" />
162-->[com.google.android.gms:play-services-measurement-api:21.5.1] AndroidManifest.xml:32:13-58
163
164        <provider
164-->[com.google.firebase:firebase-common:20.4.2] AndroidManifest.xml:23:9-28:39
165            android:name="com.google.firebase.provider.FirebaseInitProvider"
165-->[com.google.firebase:firebase-common:20.4.2] AndroidManifest.xml:24:13-77
166            android:authorities="com.example.flutter_pizza_app.firebaseinitprovider"
166-->[com.google.firebase:firebase-common:20.4.2] AndroidManifest.xml:25:13-72
167            android:directBootAware="true"
167-->[com.google.firebase:firebase-common:20.4.2] AndroidManifest.xml:26:13-43
168            android:exported="false"
168-->[com.google.firebase:firebase-common:20.4.2] AndroidManifest.xml:27:13-37
169            android:initOrder="100" />
169-->[com.google.firebase:firebase-common:20.4.2] AndroidManifest.xml:28:13-36
170
171        <uses-library
171-->[androidx.window:window:1.0.0-beta04] AndroidManifest.xml:25:9-27:40
172            android:name="androidx.window.extensions"
172-->[androidx.window:window:1.0.0-beta04] AndroidManifest.xml:26:13-54
173            android:required="false" />
173-->[androidx.window:window:1.0.0-beta04] AndroidManifest.xml:27:13-37
174        <uses-library
174-->[androidx.window:window:1.0.0-beta04] AndroidManifest.xml:28:9-30:40
175            android:name="androidx.window.sidecar"
175-->[androidx.window:window:1.0.0-beta04] AndroidManifest.xml:29:13-51
176            android:required="false" />
176-->[androidx.window:window:1.0.0-beta04] AndroidManifest.xml:30:13-37
177
178        <receiver
178-->[com.google.android.gms:play-services-measurement:21.5.1] AndroidManifest.xml:29:9-33:20
179            android:name="com.google.android.gms.measurement.AppMeasurementReceiver"
179-->[com.google.android.gms:play-services-measurement:21.5.1] AndroidManifest.xml:30:13-85
180            android:enabled="true"
180-->[com.google.android.gms:play-services-measurement:21.5.1] AndroidManifest.xml:31:13-35
181            android:exported="false" >
181-->[com.google.android.gms:play-services-measurement:21.5.1] AndroidManifest.xml:32:13-37
182        </receiver>
183
184        <service
184-->[com.google.android.gms:play-services-measurement:21.5.1] AndroidManifest.xml:35:9-38:40
185            android:name="com.google.android.gms.measurement.AppMeasurementService"
185-->[com.google.android.gms:play-services-measurement:21.5.1] AndroidManifest.xml:36:13-84
186            android:enabled="true"
186-->[com.google.android.gms:play-services-measurement:21.5.1] AndroidManifest.xml:37:13-35
187            android:exported="false" />
187-->[com.google.android.gms:play-services-measurement:21.5.1] AndroidManifest.xml:38:13-37
188        <service
188-->[com.google.android.gms:play-services-measurement:21.5.1] AndroidManifest.xml:39:9-43:72
189            android:name="com.google.android.gms.measurement.AppMeasurementJobService"
189-->[com.google.android.gms:play-services-measurement:21.5.1] AndroidManifest.xml:40:13-87
190            android:enabled="true"
190-->[com.google.android.gms:play-services-measurement:21.5.1] AndroidManifest.xml:41:13-35
191            android:exported="false"
191-->[com.google.android.gms:play-services-measurement:21.5.1] AndroidManifest.xml:42:13-37
192            android:permission="android.permission.BIND_JOB_SERVICE" />
192-->[com.google.android.gms:play-services-measurement:21.5.1] AndroidManifest.xml:43:13-69
193
194        <uses-library
194-->[androidx.privacysandbox.ads:ads-adservices:1.0.0-beta05] AndroidManifest.xml:23:9-25:40
195            android:name="android.ext.adservices"
195-->[androidx.privacysandbox.ads:ads-adservices:1.0.0-beta05] AndroidManifest.xml:24:13-50
196            android:required="false" />
196-->[androidx.privacysandbox.ads:ads-adservices:1.0.0-beta05] AndroidManifest.xml:25:13-37
197
198        <activity
198-->[com.google.android.gms:play-services-base:18.1.0] AndroidManifest.xml:20:9-22:45
199            android:name="com.google.android.gms.common.api.GoogleApiActivity"
199-->[com.google.android.gms:play-services-base:18.1.0] AndroidManifest.xml:20:19-85
200            android:exported="false"
200-->[com.google.android.gms:play-services-base:18.1.0] AndroidManifest.xml:22:19-43
201            android:theme="@android:style/Theme.Translucent.NoTitleBar" />
201-->[com.google.android.gms:play-services-base:18.1.0] AndroidManifest.xml:21:19-78
202
203        <meta-data
203-->[com.google.android.gms:play-services-basement:18.3.0] AndroidManifest.xml:21:9-23:69
204            android:name="com.google.android.gms.version"
204-->[com.google.android.gms:play-services-basement:18.3.0] AndroidManifest.xml:22:13-58
205            android:value="@integer/google_play_services_version" />
205-->[com.google.android.gms:play-services-basement:18.3.0] AndroidManifest.xml:23:13-66
206    </application>
207
208</manifest>